
Publics by name		module
_adler32                         _adler32
_adler32_combine                 _adler32_combine
_compress                        _compress
_compress2                       _compress2
_compressBound                   _compressBound
_crc32                           _crc32
_crc32_combine                   _crc32_combine
_deflate                         _deflate
_deflateBound                    _deflateBound
_deflateCopy                     _deflateCopy
_deflateEnd                      _deflateEnd
_deflateInit2_                   _deflateInit2_
_deflateInit_                    _deflateInit_
_deflateParams                   _deflateParams
_deflatePrime                    _deflatePrime
_deflateReset                    _deflateReset
_deflateSetDictionary            _deflateSetDictionary
_deflateSetHeader                _deflateSetHeader
_deflateTune                     _deflateTune
_get_crc_table                   _get_crc_table
_gzbuffer                        _gzbuffer
_gzclearerr                      _gzclearerr
_gzclose                         _gzclose
_gzclose_r                       _gzclose_r
_gzclose_w                       _gzclose_w
_gzdirect                        _gzdirect
_gzdopen                         _gzdopen
_gzeof                           _gzeof
_gzerror                         _gzerror
_gzflush                         _gzflush
_gzgetc                          _gzgetc
_gzgets                          _gzgets
_gzoffset                        _gzoffset
_gzopen                          _gzopen
_gzprintf                        _gzprintf
_gzputc                          _gzputc
_gzputs                          _gzputs
_gzread                          _gzread
_gzrewind                        _gzrewind
_gzseek                          _gzseek
_gzsetparams                     _gzsetparams
_gztell                          _gztell
_gzungetc                        _gzungetc
_gzwrite                         _gzwrite
_inflate                         _inflate
_inflateBack                     _inflateBack
_inflateBackEnd                  _inflateBackEnd
_inflateBackInit_                _inflateBackInit_
_inflateCopy                     _inflateCopy
_inflateEnd                      _inflateEnd
_inflateGetHeader                _inflateGetHeader
_inflateInit2_                   _inflateInit2_
_inflateInit_                    _inflateInit_
_inflateMark                     _inflateMark
_inflatePrime                    _inflatePrime
_inflateReset                    _inflateReset
_inflateReset2                   _inflateReset2
_inflateSetDictionary            _inflateSetDictionary
_inflateSync                     _inflateSync
_inflateSyncPoint                _inflateSyncPoint
_inflateUndermine                _inflateUndermine
_uncompress                      _uncompress
_zError                          _zError
_zlibCompileFlags                _zlibCompileFlags
_zlibVersion                     _zlibVersion


Publics by module
_adler32
	_adler32                        

_adler32_combine
	_adler32_combine                

_compress
	_compress                       

_compress2
	_compress2                      

_compressBound
	_compressBound                  

_crc32
	_crc32                          

_crc32_combine
	_crc32_combine                  

_deflate
	_deflate                        

_deflateBound
	_deflateBound                   

_deflateCopy
	_deflateCopy                    

_deflateEnd
	_deflateEnd                     

_deflateInit2_
	_deflateInit2_                  

_deflateInit_
	_deflateInit_                   

_deflateParams
	_deflateParams                  

_deflatePrime
	_deflatePrime                   

_deflateReset
	_deflateReset                   

_deflateSetDictionary
	_deflateSetDictionary           

_deflateSetHeader
	_deflateSetHeader               

_deflateTune
	_deflateTune                    

_get_crc_table
	_get_crc_table                  

_gzbuffer
	_gzbuffer                       

_gzclearerr
	_gzclearerr                     

_gzclose
	_gzclose                        

_gzclose_r
	_gzclose_r                      

_gzclose_w
	_gzclose_w                      

_gzdirect
	_gzdirect                       

_gzdopen
	_gzdopen                        

_gzeof
	_gzeof                          

_gzerror
	_gzerror                        

_gzflush
	_gzflush                        

_gzgetc
	_gzgetc                         

_gzgets
	_gzgets                         

_gzoffset
	_gzoffset                       

_gzopen
	_gzopen                         

_gzprintf
	_gzprintf                       

_gzputc
	_gzputc                         

_gzputs
	_gzputs                         

_gzread
	_gzread                         

_gzrewind
	_gzrewind                       

_gzseek
	_gzseek                         

_gzsetparams
	_gzsetparams                    

_gztell
	_gztell                         

_gzungetc
	_gzungetc                       

_gzwrite
	_gzwrite                        

_inflate
	_inflate                        

_inflateBack
	_inflateBack                    

_inflateBackEnd
	_inflateBackEnd                 

_inflateBackInit_
	_inflateBackInit_               

_inflateCopy
	_inflateCopy                    

_inflateEnd
	_inflateEnd                     

_inflateGetHeader
	_inflateGetHeader               

_inflateInit2_
	_inflateInit2_                  

_inflateInit_
	_inflateInit_                   

_inflateMark
	_inflateMark                    

_inflatePrime
	_inflatePrime                   

_inflateReset
	_inflateReset                   

_inflateReset2
	_inflateReset2                  

_inflateSetDictionary
	_inflateSetDictionary           

_inflateSync
	_inflateSync                    

_inflateSyncPoint
	_inflateSyncPoint               

_inflateUndermine
	_inflateUndermine               

_uncompress
	_uncompress                     

_zError
	_zError                         

_zlibCompileFlags
	_zlibCompileFlags               

_zlibVersion
	_zlibVersion                    
